This is pdfTeX, Version 3.141592653-2.6-1.40.27 (MiKTeX 25.4) (preloaded format=pdflatex 2025.10.12)  19 MAR 2026 23:11
entering extended mode
 restricted \write18 enabled.
 %&-line parsing enabled.
**./B13901165_report.tex
(B13901165_report.tex
LaTeX2e <2025-06-01> patch level 1
L3 programming layer <2025-09-02>
(C:\Users\ivan_chang\AppData\Local\Programs\MiKTeX\tex/latex/base\article.cls
Document Class: article 2025/01/22 v1.4n Standard LaTeX document class
(C:\Users\ivan_chang\AppData\Local\Programs\MiKTeX\tex/latex/base\size12.clo
File: size12.clo 2025/01/22 v1.4n Standard LaTeX file (size option)
)
\c@part=\count275
\c@section=\count276
\c@subsection=\count277
\c@subsubsection=\count278
\c@paragraph=\count279
\c@subparagraph=\count280
\c@figure=\count281
\c@table=\count282
\abovecaptionskip=\skip49
\belowcaptionskip=\skip50
\bibindent=\dimen148
)
(C:\Users\ivan_chang\AppData\Local\Programs\MiKTeX\tex/latex/base\inputenc.sty
Package: inputenc 2024/02/08 v1.3d Input encoding file
\inpenc@prehook=\toks17
\inpenc@posthook=\toks18
)
(C:\Users\ivan_chang\AppData\Local\Programs\MiKTeX\tex/latex/geometry\geometry.
sty
Package: geometry 2020/01/02 v5.9 Page Geometry

(C:\Users\ivan_chang\AppData\Local\Programs\MiKTeX\tex/latex/graphics\keyval.st
y
Package: keyval 2022/05/29 v1.15 key=value parser (DPC)
\KV@toks@=\toks19
)
(C:\Users\ivan_chang\AppData\Local\Programs\MiKTeX\tex/generic/iftex\ifvtex.sty
Package: ifvtex 2019/10/25 v1.7 ifvtex legacy package. Use iftex instead.
(C:\Users\ivan_chang\AppData\Local\Programs\MiKTeX\tex/generic/iftex\iftex.sty
Package: iftex 2024/12/12 v1.0g TeX engine tests
))
\Gm@cnth=\count283
\Gm@cntv=\count284
\c@Gm@tempcnt=\count285
\Gm@bindingoffset=\dimen149
\Gm@wd@mp=\dimen150
\Gm@odd@mp=\dimen151
\Gm@even@mp=\dimen152
\Gm@layoutwidth=\dimen153
\Gm@layoutheight=\dimen154
\Gm@layouthoffset=\dimen155
\Gm@layoutvoffset=\dimen156
\Gm@dimlist=\toks20

(C:\Users\ivan_chang\AppData\Local\Programs\MiKTeX\tex/latex/geometry\geometry.
cfg))
(C:\Users\ivan_chang\AppData\Local\Programs\MiKTeX\tex/latex/graphics\graphicx.
sty
Package: graphicx 2024/12/31 v1.2e Enhanced LaTeX Graphics (DPC,SPQR)

(C:\Users\ivan_chang\AppData\Local\Programs\MiKTeX\tex/latex/graphics\graphics.
sty
Package: graphics 2024/08/06 v1.4g Standard LaTeX Graphics (DPC,SPQR)

(C:\Users\ivan_chang\AppData\Local\Programs\MiKTeX\tex/latex/graphics\trig.sty
Package: trig 2023/12/02 v1.11 sin cos tan (DPC)
)
(C:\Users\ivan_chang\AppData\Local\Programs\MiKTeX\tex/latex/graphics-cfg\graph
ics.cfg
File: graphics.cfg 2016/06/04 v1.11 sample graphics configuration
)
Package graphics Info: Driver file: pdftex.def on input line 106.

(C:\Users\ivan_chang\AppData\Local\Programs\MiKTeX\tex/latex/graphics-def\pdfte
x.def
File: pdftex.def 2024/04/13 v1.2c Graphics/color driver for pdftex
))
\Gin@req@height=\dimen157
\Gin@req@width=\dimen158
)
(C:\Users\ivan_chang\AppData\Local\Programs\MiKTeX\tex/latex/amsmath\amsmath.st
y
Package: amsmath 2025/06/16 v2.17y AMS math features
\@mathmargin=\skip51

For additional information on amsmath, use the `?' option.

(C:\Users\ivan_chang\AppData\Local\Programs\MiKTeX\tex/latex/amsmath\amstext.st
y
Package: amstext 2024/11/17 v2.01 AMS text

(C:\Users\ivan_chang\AppData\Local\Programs\MiKTeX\tex/latex/amsmath\amsgen.sty
File: amsgen.sty 1999/11/30 v2.0 generic functions
\@emptytoks=\toks21
\ex@=\dimen159
))
(C:\Users\ivan_chang\AppData\Local\Programs\MiKTeX\tex/latex/amsmath\amsbsy.sty
Package: amsbsy 1999/11/29 v1.2d Bold Symbols
\pmbraise@=\dimen160
)
(C:\Users\ivan_chang\AppData\Local\Programs\MiKTeX\tex/latex/amsmath\amsopn.sty
Package: amsopn 2022/04/08 v2.04 operator names
)
\inf@bad=\count286
LaTeX Info: Redefining \frac on input line 233.
\uproot@=\count287
\leftroot@=\count288
LaTeX Info: Redefining \overline on input line 398.
LaTeX Info: Redefining \colon on input line 409.
\classnum@=\count289
\DOTSCASE@=\count290
LaTeX Info: Redefining \ldots on input line 495.
LaTeX Info: Redefining \dots on input line 498.
LaTeX Info: Redefining \cdots on input line 619.
\Mathstrutbox@=\box53
\strutbox@=\box54
LaTeX Info: Redefining \big on input line 721.
LaTeX Info: Redefining \Big on input line 722.
LaTeX Info: Redefining \bigg on input line 723.
LaTeX Info: Redefining \Bigg on input line 724.
\big@size=\dimen161
LaTeX Font Info:    Redeclaring font encoding OML on input line 742.
LaTeX Font Info:    Redeclaring font encoding OMS on input line 743.
\macc@depth=\count291
LaTeX Info: Redefining \bmod on input line 904.
LaTeX Info: Redefining \pmod on input line 909.
LaTeX Info: Redefining \smash on input line 939.
LaTeX Info: Redefining \relbar on input line 969.
LaTeX Info: Redefining \Relbar on input line 970.
\c@MaxMatrixCols=\count292
\dotsspace@=\muskip17
\c@parentequation=\count293
\dspbrk@lvl=\count294
\tag@help=\toks22
\row@=\count295
\column@=\count296
\maxfields@=\count297
\andhelp@=\toks23
\eqnshift@=\dimen162
\alignsep@=\dimen163
\tagshift@=\dimen164
\tagwidth@=\dimen165
\totwidth@=\dimen166
\lineht@=\dimen167
\@envbody=\toks24
\multlinegap=\skip52
\multlinetaggap=\skip53
\mathdisplay@stack=\toks25
LaTeX Info: Redefining \[ on input line 2949.
LaTeX Info: Redefining \] on input line 2950.
)
(C:\Users\ivan_chang\AppData\Local\Programs\MiKTeX\tex/latex/hyperref\hyperref.
sty
Package: hyperref 2025-07-12 v7.01o Hypertext links for LaTeX

(C:\Users\ivan_chang\AppData\Local\Programs\MiKTeX\tex/latex/kvsetkeys\kvsetkey
s.sty
Package: kvsetkeys 2022-10-05 v1.19 Key value parser (HO)
)
(C:\Users\ivan_chang\AppData\Local\Programs\MiKTeX\tex/generic/kvdefinekeys\kvd
efinekeys.sty
Package: kvdefinekeys 2019-12-19 v1.6 Define keys (HO)
)
(C:\Users\ivan_chang\AppData\Local\Programs\MiKTeX\tex/generic/pdfescape\pdfesc
ape.sty
Package: pdfescape 2019/12/09 v1.15 Implements pdfTeX's escape features (HO)

(C:\Users\ivan_chang\AppData\Local\Programs\MiKTeX\tex/generic/ltxcmds\ltxcmds.
sty
Package: ltxcmds 2023-12-04 v1.26 LaTeX kernel commands for general use (HO)
)
(C:\Users\ivan_chang\AppData\Local\Programs\MiKTeX\tex/generic/pdftexcmds\pdfte
xcmds.sty
Package: pdftexcmds 2020-06-27 v0.33 Utility functions of pdfTeX for LuaTeX (HO
)

(C:\Users\ivan_chang\AppData\Local\Programs\MiKTeX\tex/generic/infwarerr\infwar
err.sty
Package: infwarerr 2019/12/03 v1.5 Providing info/warning/error messages (HO)
)
Package pdftexcmds Info: \pdf@primitive is available.
Package pdftexcmds Info: \pdf@ifprimitive is available.
Package pdftexcmds Info: \pdfdraftmode found.
))
(C:\Users\ivan_chang\AppData\Local\Programs\MiKTeX\tex/latex/hycolor\hycolor.st
y
Package: hycolor 2020-01-27 v1.10 Color options for hyperref/bookmark (HO)
)
(C:\Users\ivan_chang\AppData\Local\Programs\MiKTeX\tex/latex/hyperref\nameref.s
ty
Package: nameref 2025-06-21 v2.57 Cross-referencing by name of section

(C:\Users\ivan_chang\AppData\Local\Programs\MiKTeX\tex/latex/refcount\refcount.
sty
Package: refcount 2019/12/15 v3.6 Data extraction from label references (HO)
)
(C:\Users\ivan_chang\AppData\Local\Programs\MiKTeX\tex/generic/gettitlestring\g
ettitlestring.sty
Package: gettitlestring 2019/12/15 v1.6 Cleanup title references (HO)

(C:\Users\ivan_chang\AppData\Local\Programs\MiKTeX\tex/latex/kvoptions\kvoption
s.sty
Package: kvoptions 2022-06-15 v3.15 Key value format for package options (HO)
))
\c@section@level=\count298
)
(C:\Users\ivan_chang\AppData\Local\Programs\MiKTeX\tex/latex/etoolbox\etoolbox.
sty
Package: etoolbox 2025/02/11 v2.5l e-TeX tools for LaTeX (JAW)
\etb@tempcnta=\count299
)
(C:\Users\ivan_chang\AppData\Local\Programs\MiKTeX\tex/generic/stringenc\string
enc.sty
Package: stringenc 2019/11/29 v1.12 Convert strings between diff. encodings (HO
)
)
\@linkdim=\dimen168
\Hy@linkcounter=\count300
\Hy@pagecounter=\count301

(C:\Users\ivan_chang\AppData\Local\Programs\MiKTeX\tex/latex/hyperref\pd1enc.de
f
File: pd1enc.def 2025-07-12 v7.01o Hyperref: PDFDocEncoding definition (HO)
Now handling font encoding PD1 ...
... no UTF-8 mapping file for font encoding PD1
)
(C:\Users\ivan_chang\AppData\Local\Programs\MiKTeX\tex/generic/intcalc\intcalc.
sty
Package: intcalc 2019/12/15 v1.3 Expandable calculations with integers (HO)
)
\Hy@SavedSpaceFactor=\count302

(C:\Users\ivan_chang\AppData\Local\Programs\MiKTeX\tex/latex/hyperref\puenc.def
File: puenc.def 2025-07-12 v7.01o Hyperref: PDF Unicode definition (HO)
Now handling font encoding PU ...
... no UTF-8 mapping file for font encoding PU
)
Package hyperref Info: Hyper figures OFF on input line 4195.
Package hyperref Info: Link nesting OFF on input line 4200.
Package hyperref Info: Hyper index ON on input line 4203.
Package hyperref Info: Plain pages OFF on input line 4210.
Package hyperref Info: Backreferencing OFF on input line 4215.
Package hyperref Info: Implicit mode ON; LaTeX internals redefined.
Package hyperref Info: Bookmarks ON on input line 4462.
\c@Hy@tempcnt=\count303
 (C:\Users\ivan_chang\AppData\Local\Programs\MiKTeX\tex/latex/url\url.sty
\Urlmuskip=\muskip18
Package: url 2013/09/16  ver 3.4  Verb mode for urls, etc.
)
LaTeX Info: Redefining \url on input line 4801.
\XeTeXLinkMargin=\dimen169

(C:\Users\ivan_chang\AppData\Local\Programs\MiKTeX\tex/generic/bitset\bitset.st
y
Package: bitset 2019/12/09 v1.3 Handle bit-vector datatype (HO)

(C:\Users\ivan_chang\AppData\Local\Programs\MiKTeX\tex/generic/bigintcalc\bigin
tcalc.sty
Package: bigintcalc 2019/12/15 v1.5 Expandable calculations on big integers (HO
)
))
\Fld@menulength=\count304
\Field@Width=\dimen170
\Fld@charsize=\dimen171
Package hyperref Info: Hyper figures OFF on input line 6078.
Package hyperref Info: Link nesting OFF on input line 6083.
Package hyperref Info: Hyper index ON on input line 6086.
Package hyperref Info: backreferencing OFF on input line 6093.
Package hyperref Info: Link coloring OFF on input line 6098.
Package hyperref Info: Link coloring with OCG OFF on input line 6103.
Package hyperref Info: PDF/A mode OFF on input line 6108.
\Hy@abspage=\count305
\c@Item=\count306
\c@Hfootnote=\count307
)
Package hyperref Info: Driver (autodetected): hpdftex.

(C:\Users\ivan_chang\AppData\Local\Programs\MiKTeX\tex/latex/hyperref\hpdftex.d
ef
File: hpdftex.def 2025-07-12 v7.01o Hyperref driver for pdfTeX
\Fld@listcount=\count308
\c@bookmark@seq@number=\count309

(C:\Users\ivan_chang\AppData\Local\Programs\MiKTeX\tex/latex/rerunfilecheck\rer
unfilecheck.sty
Package: rerunfilecheck 2025-06-21 v1.11 Rerun checks for auxiliary files (HO)

(C:\Users\ivan_chang\AppData\Local\Programs\MiKTeX\tex/generic/uniquecounter\un
iquecounter.sty
Package: uniquecounter 2019/12/15 v1.4 Provide unlimited unique counter (HO)
)
Package uniquecounter Info: New unique counter `rerunfilecheck' on input line 2
84.
)
\Hy@SectionHShift=\skip54
)
(C:\Users\ivan_chang\AppData\Local\Programs\MiKTeX\tex/latex/ctex\ctex.sty
(C:\Users\ivan_chang\AppData\Local\Programs\MiKTeX\tex/latex/l3kernel\expl3.sty
Package: expl3 2025-09-02 L3 programming layer (loader) 

(C:\Users\ivan_chang\AppData\Local\Programs\MiKTeX\tex/latex/l3backend\l3backen
d-pdftex.def
File: l3backend-pdftex.def 2025-06-09 L3 backend support: PDF output (pdfTeX)
\l__color_backend_stack_int=\count310
))
Package: ctex 2022/07/14 v2.5.10 Chinese adapter in LaTeX (CTEX)

(C:\Users\ivan_chang\AppData\Local\Programs\MiKTeX\tex/latex/ctex\ctexhook.sty
Package: ctexhook 2022/07/14 v2.5.10 Document and package hooks (CTEX)
)
(C:\Users\ivan_chang\AppData\Local\Programs\MiKTeX\tex/latex/ctex\ctexpatch.sty
Package: ctexpatch 2022/07/14 v2.5.10 Patching commands (CTEX)
) (C:\Users\ivan_chang\AppData\Local\Programs\MiKTeX\tex/latex/base\fix-cm.sty
Package: fix-cm 2020/11/24 v1.1t fixes to LaTeX

(C:\Users\ivan_chang\AppData\Local\Programs\MiKTeX\tex/latex/base\ts1enc.def
File: ts1enc.def 2001/06/05 v3.0e (jk/car/fm) Standard LaTeX file
LaTeX Font Info:    Redeclaring font encoding TS1 on input line 47.
LaTeX Encoding Info:    Redeclaring text command \capitalcedilla (encoding TS1)
 on input line 49.
LaTeX Encoding Info:    Redeclaring text command \capitalogonek (encoding TS1) 
on input line 52.
LaTeX Encoding Info:    Redeclaring text command \capitalgrave (encoding TS1) o
n input line 55.
LaTeX Encoding Info:    Redeclaring text command \capitalacute (encoding TS1) o
n input line 56.
LaTeX Encoding Info:    Redeclaring text command \capitalcircumflex (encoding T
S1) on input line 57.
LaTeX Encoding Info:    Redeclaring text command \capitaltilde (encoding TS1) o
n input line 58.
LaTeX Encoding Info:    Redeclaring text command \capitaldieresis (encoding TS1
) on input line 59.
LaTeX Encoding Info:    Redeclaring text command \capitalhungarumlaut (encoding
 TS1) on input line 60.
LaTeX Encoding Info:    Redeclaring text command \capitalring (encoding TS1) on
 input line 61.
LaTeX Encoding Info:    Redeclaring text command \capitalcaron (encoding TS1) o
n input line 62.
LaTeX Encoding Info:    Redeclaring text command \capitalbreve (encoding TS1) o
n input line 63.
LaTeX Encoding Info:    Redeclaring text command \capitalmacron (encoding TS1) 
on input line 64.
LaTeX Encoding Info:    Redeclaring text command \capitaldotaccent (encoding TS
1) on input line 65.
LaTeX Encoding Info:    Redeclaring text command \t (encoding TS1) on input lin
e 66.
LaTeX Encoding Info:    Redeclaring text command \capitaltie (encoding TS1) on 
input line 67.
LaTeX Encoding Info:    Redeclaring text command \newtie (encoding TS1) on inpu
t line 68.
LaTeX Encoding Info:    Redeclaring text command \capitalnewtie (encoding TS1) 
on input line 69.
LaTeX Encoding Info:    Redeclaring text symbol \textcapitalcompwordmark (encod
ing TS1) on input line 70.
LaTeX Encoding Info:    Redeclaring text symbol \textascendercompwordmark (enco
ding TS1) on input line 71.
LaTeX Encoding Info:    Redeclaring text symbol \textquotestraightbase (encodin
g TS1) on input line 72.
LaTeX Encoding Info:    Redeclaring text symbol \textquotestraightdblbase (enco
ding TS1) on input line 73.
LaTeX Encoding Info:    Redeclaring text symbol \texttwelveudash (encoding TS1)
 on input line 74.
LaTeX Encoding Info:    Redeclaring text symbol \textthreequartersemdash (encod
ing TS1) on input line 75.
LaTeX Encoding Info:    Redeclaring text symbol \textleftarrow (encoding TS1) o
n input line 76.
LaTeX Encoding Info:    Redeclaring text symbol \textrightarrow (encoding TS1) 
on input line 77.
LaTeX Encoding Info:    Redeclaring text symbol \textblank (encoding TS1) on in
put line 78.
LaTeX Encoding Info:    Redeclaring text symbol \textdollar (encoding TS1) on i
nput line 79.
LaTeX Encoding Info:    Redeclaring text symbol \textquotesingle (encoding TS1)
 on input line 80.
LaTeX Encoding Info:    Redeclaring text command \textasteriskcentered (encodin
g TS1) on input line 81.
LaTeX Encoding Info:    Redeclaring text symbol \textdblhyphen (encoding TS1) o
n input line 92.
LaTeX Encoding Info:    Redeclaring text symbol \textfractionsolidus (encoding 
TS1) on input line 93.
LaTeX Encoding Info:    Redeclaring text symbol \textzerooldstyle (encoding TS1
) on input line 94.
LaTeX Encoding Info:    Redeclaring text symbol \textoneoldstyle (encoding TS1)
 on input line 95.
LaTeX Encoding Info:    Redeclaring text symbol \texttwooldstyle (encoding TS1)
 on input line 96.
LaTeX Encoding Info:    Redeclaring text symbol \textthreeoldstyle (encoding TS
1) on input line 97.
LaTeX Encoding Info:    Redeclaring text symbol \textfouroldstyle (encoding TS1
) on input line 98.
LaTeX Encoding Info:    Redeclaring text symbol \textfiveoldstyle (encoding TS1
) on input line 99.
LaTeX Encoding Info:    Redeclaring text symbol \textsixoldstyle (encoding TS1)
 on input line 100.
LaTeX Encoding Info:    Redeclaring text symbol \textsevenoldstyle (encoding TS
1) on input line 101.
LaTeX Encoding Info:    Redeclaring text symbol \texteightoldstyle (encoding TS
1) on input line 102.
LaTeX Encoding Info:    Redeclaring text symbol \textnineoldstyle (encoding TS1
) on input line 103.
LaTeX Encoding Info:    Redeclaring text symbol \textlangle (encoding TS1) on i
nput line 104.
LaTeX Encoding Info:    Redeclaring text symbol \textminus (encoding TS1) on in
put line 105.
LaTeX Encoding Info:    Redeclaring text symbol \textrangle (encoding TS1) on i
nput line 106.
LaTeX Encoding Info:    Redeclaring text symbol \textmho (encoding TS1) on inpu
t line 107.
LaTeX Encoding Info:    Redeclaring text symbol \textbigcircle (encoding TS1) o
n input line 108.
LaTeX Encoding Info:    Redeclaring text command \textcircled (encoding TS1) on
 input line 109.
LaTeX Encoding Info:    Redeclaring text symbol \textohm (encoding TS1) on inpu
t line 115.
LaTeX Encoding Info:    Redeclaring text symbol \textlbrackdbl (encoding TS1) o
n input line 116.
LaTeX Encoding Info:    Redeclaring text symbol \textrbrackdbl (encoding TS1) o
n input line 117.
LaTeX Encoding Info:    Redeclaring text symbol \textuparrow (encoding TS1) on 
input line 118.
LaTeX Encoding Info:    Redeclaring text symbol \textdownarrow (encoding TS1) o
n input line 119.
LaTeX Encoding Info:    Redeclaring text symbol \textasciigrave (encoding TS1) 
on input line 120.
LaTeX Encoding Info:    Redeclaring text symbol \textborn (encoding TS1) on inp
ut line 121.
LaTeX Encoding Info:    Redeclaring text symbol \textdivorced (encoding TS1) on
 input line 122.
LaTeX Encoding Info:    Redeclaring text symbol \textdied (encoding TS1) on inp
ut line 123.
LaTeX Encoding Info:    Redeclaring text symbol \textleaf (encoding TS1) on inp
ut line 124.
LaTeX Encoding Info:    Redeclaring text symbol \textmarried (encoding TS1) on 
input line 125.
LaTeX Encoding Info:    Redeclaring text symbol \textmusicalnote (encoding TS1)
 on input line 126.
LaTeX Encoding Info:    Redeclaring text symbol \texttildelow (encoding TS1) on
 input line 127.
LaTeX Encoding Info:    Redeclaring text symbol \textdblhyphenchar (encoding TS
1) on input line 128.
LaTeX Encoding Info:    Redeclaring text symbol \textasciibreve (encoding TS1) 
on input line 129.
LaTeX Encoding Info:    Redeclaring text symbol \textasciicaron (encoding TS1) 
on input line 130.
LaTeX Encoding Info:    Redeclaring text symbol \textacutedbl (encoding TS1) on
 input line 131.
LaTeX Encoding Info:    Redeclaring text symbol \textgravedbl (encoding TS1) on
 input line 132.
LaTeX Encoding Info:    Redeclaring text symbol \textdagger (encoding TS1) on i
nput line 133.
LaTeX Encoding Info:    Redeclaring text symbol \textdaggerdbl (encoding TS1) o
n input line 134.
LaTeX Encoding Info:    Redeclaring text symbol \textbardbl (encoding TS1) on i
nput line 135.
LaTeX Encoding Info:    Redeclaring text symbol \textperthousand (encoding TS1)
 on input line 136.
LaTeX Encoding Info:    Redeclaring text symbol \textbullet (encoding TS1) on i
nput line 137.
LaTeX Encoding Info:    Redeclaring text symbol \textcelsius (encoding TS1) on 
input line 138.
LaTeX Encoding Info:    Redeclaring text symbol \textdollaroldstyle (encoding T
S1) on input line 139.
LaTeX Encoding Info:    Redeclaring text symbol \textcentoldstyle (encoding TS1
) on input line 140.
LaTeX Encoding Info:    Redeclaring text symbol \textflorin (encoding TS1) on i
nput line 141.
LaTeX Encoding Info:    Redeclaring text symbol \textcolonmonetary (encoding TS
1) on input line 142.
LaTeX Encoding Info:    Redeclaring text symbol \textwon (encoding TS1) on inpu
t line 143.
LaTeX Encoding Info:    Redeclaring text symbol \textnaira (encoding TS1) on in
put line 144.
LaTeX Encoding Info:    Redeclaring text symbol \textguarani (encoding TS1) on 
input line 145.
LaTeX Encoding Info:    Redeclaring text symbol \textpeso (encoding TS1) on inp
ut line 146.
LaTeX Encoding Info:    Redeclaring text symbol \textlira (encoding TS1) on inp
ut line 147.
LaTeX Encoding Info:    Redeclaring text symbol \textrecipe (encoding TS1) on i
nput line 148.
LaTeX Encoding Info:    Redeclaring text symbol \textinterrobang (encoding TS1)
 on input line 149.
LaTeX Encoding Info:    Redeclaring text symbol \textinterrobangdown (encoding 
TS1) on input line 150.
LaTeX Encoding Info:    Redeclaring text symbol \textdong (encoding TS1) on inp
ut line 151.
LaTeX Encoding Info:    Redeclaring text symbol \texttrademark (encoding TS1) o
n input line 152.
LaTeX Encoding Info:    Redeclaring text symbol \textpertenthousand (encoding T
S1) on input line 153.
LaTeX Encoding Info:    Redeclaring text symbol \textpilcrow (encoding TS1) on 
input line 154.
LaTeX Encoding Info:    Redeclaring text symbol \textbaht (encoding TS1) on inp
ut line 155.
LaTeX Encoding Info:    Redeclaring text symbol \textnumero (encoding TS1) on i
nput line 156.
LaTeX Encoding Info:    Redeclaring text symbol \textdiscount (encoding TS1) on
 input line 157.
LaTeX Encoding Info:    Redeclaring text symbol \textestimated (encoding TS1) o
n input line 158.
LaTeX Encoding Info:    Redeclaring text symbol \textopenbullet (encoding TS1) 
on input line 159.
LaTeX Encoding Info:    Redeclaring text symbol \textservicemark (encoding TS1)
 on input line 160.
LaTeX Encoding Info:    Redeclaring text symbol \textlquill (encoding TS1) on i
nput line 161.
LaTeX Encoding Info:    Redeclaring text symbol \textrquill (encoding TS1) on i
nput line 162.
LaTeX Encoding Info:    Redeclaring text symbol \textcent (encoding TS1) on inp
ut line 163.
LaTeX Encoding Info:    Redeclaring text symbol \textsterling (encoding TS1) on
 input line 164.
LaTeX Encoding Info:    Redeclaring text symbol \textcurrency (encoding TS1) on
 input line 165.
LaTeX Encoding Info:    Redeclaring text symbol \textyen (encoding TS1) on inpu
t line 166.
LaTeX Encoding Info:    Redeclaring text symbol \textbrokenbar (encoding TS1) o
n input line 167.
LaTeX Encoding Info:    Redeclaring text symbol \textsection (encoding TS1) on 
input line 168.
LaTeX Encoding Info:    Redeclaring text symbol \textasciidieresis (encoding TS
1) on input line 169.
LaTeX Encoding Info:    Redeclaring text symbol \textcopyright (encoding TS1) o
n input line 170.
LaTeX Encoding Info:    Redeclaring text symbol \textordfeminine (encoding TS1)
 on input line 171.
LaTeX Encoding Info:    Redeclaring text symbol \textcopyleft (encoding TS1) on
 input line 172.
LaTeX Encoding Info:    Redeclaring text symbol \textlnot (encoding TS1) on inp
ut line 173.
LaTeX Encoding Info:    Redeclaring text symbol \textcircledP (encoding TS1) on
 input line 174.
LaTeX Encoding Info:    Redeclaring text symbol \textregistered (encoding TS1) 
on input line 175.
LaTeX Encoding Info:    Redeclaring text symbol \textasciimacron (encoding TS1)
 on input line 176.
LaTeX Encoding Info:    Redeclaring text symbol \textdegree (encoding TS1) on i
nput line 177.
LaTeX Encoding Info:    Redeclaring text symbol \textpm (encoding TS1) on input
 line 178.
LaTeX Encoding Info:    Redeclaring text symbol \texttwosuperior (encoding TS1)
 on input line 179.
LaTeX Encoding Info:    Redeclaring text symbol \textthreesuperior (encoding TS
1) on input line 180.
LaTeX Encoding Info:    Redeclaring text symbol \textasciiacute (encoding TS1) 
on input line 181.
LaTeX Encoding Info:    Redeclaring text symbol \textmu (encoding TS1) on input
 line 182.
LaTeX Encoding Info:    Redeclaring text symbol \textparagraph (encoding TS1) o
n input line 183.
LaTeX Encoding Info:    Redeclaring text symbol \textperiodcentered (encoding T
S1) on input line 184.
LaTeX Encoding Info:    Redeclaring text symbol \textreferencemark (encoding TS
1) on input line 185.
LaTeX Encoding Info:    Redeclaring text symbol \textonesuperior (encoding TS1)
 on input line 186.
LaTeX Encoding Info:    Redeclaring text symbol \textordmasculine (encoding TS1
) on input line 187.
LaTeX Encoding Info:    Redeclaring text symbol \textsurd (encoding TS1) on inp
ut line 188.
LaTeX Encoding Info:    Redeclaring text symbol \textonequarter (encoding TS1) 
on input line 189.
LaTeX Encoding Info:    Redeclaring text symbol \textonehalf (encoding TS1) on 
input line 190.
LaTeX Encoding Info:    Redeclaring text symbol \textthreequarters (encoding TS
1) on input line 191.
LaTeX Encoding Info:    Redeclaring text symbol \texteuro (encoding TS1) on inp
ut line 192.
LaTeX Encoding Info:    Redeclaring text symbol \texttimes (encoding TS1) on in
put line 193.
LaTeX Encoding Info:    Redeclaring text symbol \textdiv (encoding TS1) on inpu
t line 194.
))
\l__ctex_tmp_int=\count311
\l__ctex_tmp_box=\box55
\l__ctex_tmp_dim=\dimen172
\g__ctex_section_depth_int=\count312
\g__ctex_font_size_int=\count313

(C:\Users\ivan_chang\AppData\Local\Programs\MiKTeX\tex/latex/ctex/config\ctexop
ts.cfg
File: ctexopts.cfg 2022/07/14 v2.5.10 Option configuration file (CTEX)
)

Package ctex Warning: UTF8 will be used as the default encoding.


(C:\Users\ivan_chang\AppData\Local\Programs\MiKTeX\tex/latex/ctex/engine\ctex-e
ngine-pdftex.def
File: ctex-engine-pdftex.def 2022/07/14 v2.5.10 (pdf)LaTeX adapter (CTEX)

(C:\Users\ivan_chang\AppData\Local\Programs\MiKTeX\tex/latex/cjk\CJKutf8.sty
Package: CJKutf8 2021/10/16 4.8.5

(C:\Users\ivan_chang\AppData\Local\Programs\MiKTeX\tex/generic/iftex\ifpdf.sty
Package: ifpdf 2019/10/25 v3.4 ifpdf legacy package. Use iftex instead.
) (C:\Users\ivan_chang\AppData\Local\Programs\MiKTeX\tex/latex/cjk\CJK.sty
Package: CJK 2021/10/16 4.8.5

(C:\Users\ivan_chang\AppData\Local\Programs\MiKTeX\tex/latex/cjk/mule\MULEenc.s
ty
Package: MULEenc 2021/10/16 4.8.5
) (C:\Users\ivan_chang\AppData\Local\Programs\MiKTeX\tex/latex/cjk\CJK.enc
File: CJK.enc 2021/10/16 4.8.5
Now handling font encoding C00 ...
... no UTF-8 mapping file for font encoding C00
Now handling font encoding C05 ...
... no UTF-8 mapping file for font encoding C05
Now handling font encoding C09 ...
... no UTF-8 mapping file for font encoding C09
Now handling font encoding C10 ...
... no UTF-8 mapping file for font encoding C10
Now handling font encoding C20 ...
... no UTF-8 mapping file for font encoding C20
Now handling font encoding C19 ...
... no UTF-8 mapping file for font encoding C19
Now handling font encoding C40 ...
... no UTF-8 mapping file for font encoding C40
Now handling font encoding C42 ...
... no UTF-8 mapping file for font encoding C42
Now handling font encoding C43 ...
... no UTF-8 mapping file for font encoding C43
Now handling font encoding C50 ...
... no UTF-8 mapping file for font encoding C50
Now handling font encoding C52 ...
... no UTF-8 mapping file for font encoding C52
Now handling font encoding C49 ...
... no UTF-8 mapping file for font encoding C49
Now handling font encoding C60 ...
... no UTF-8 mapping file for font encoding C60
Now handling font encoding C61 ...
... no UTF-8 mapping file for font encoding C61
Now handling font encoding C63 ...
... no UTF-8 mapping file for font encoding C63
Now handling font encoding C64 ...
... no UTF-8 mapping file for font encoding C64
Now handling font encoding C65 ...
... no UTF-8 mapping file for font encoding C65
Now handling font encoding C70 ...
... no UTF-8 mapping file for font encoding C70
Now handling font encoding C31 ...
... no UTF-8 mapping file for font encoding C31
Now handling font encoding C32 ...
... no UTF-8 mapping file for font encoding C32
Now handling font encoding C33 ...
... no UTF-8 mapping file for font encoding C33
Now handling font encoding C34 ...
... no UTF-8 mapping file for font encoding C34
Now handling font encoding C35 ...
... no UTF-8 mapping file for font encoding C35
Now handling font encoding C36 ...
... no UTF-8 mapping file for font encoding C36
Now handling font encoding C37 ...
... no UTF-8 mapping file for font encoding C37
Now handling font encoding C80 ...
... no UTF-8 mapping file for font encoding C80
Now handling font encoding C81 ...
... no UTF-8 mapping file for font encoding C81
Now handling font encoding C01 ...
... no UTF-8 mapping file for font encoding C01
Now handling font encoding C11 ...
... no UTF-8 mapping file for font encoding C11
Now handling font encoding C21 ...
... no UTF-8 mapping file for font encoding C21
Now handling font encoding C41 ...
... no UTF-8 mapping file for font encoding C41
Now handling font encoding C62 ...
... no UTF-8 mapping file for font encoding C62
)
\CJK@indent=\box56
)
(C:\Users\ivan_chang\AppData\Local\Programs\MiKTeX\tex/latex/base\fontenc.sty
Package: fontenc 2024/12/21 v2.1c Standard LaTeX package
))
(C:\Users\ivan_chang\AppData\Local\Programs\MiKTeX\tex/latex/cjkpunct\CJKpunct.
sty
Package: CJKpunct 2016/05/14 4.8.4
\CJKpunct@cnta=\count314
\CJKpunct@cntb=\count315
\CJKpunct@cntc=\count316
\CJKpunct@cntd=\count317
\CJKpunct@cnte=\count318
   defining Unicode char U+2018 (decimal 8216)
   defining Unicode char U+2019 (decimal 8217)
   defining Unicode char U+201C (decimal 8220)
   defining Unicode char U+201D (decimal 8221)
   defining Unicode char U+2014 ata\Local\Programs\MiKTeX\tex/xelatex/xecjk\xeCJK.cfg
File: xeCJK.cfg 2022/08/05 v3.9.1 Configuration file for xeCJK package
))
\ccwd=\dimen259
\l__ctex_ccglue_skip=\skip62
)
\l__ctex_ziju_dim=\dimen260

(C:\Users\ivan_chang\AppData\Local\Programs\MiKTeX\tex/latex/zhnumber\zhnumber.
sty
Package: zhnumber 2022/07/14 v3.0 Typesetting numbers with Chinese glyphs
\l__zhnum_scale_int=\count337
\l__zhnum_tmp_int=\count338

(C:\Users\ivan_chang\AppData\Local\Programs\MiKTeX\tex/latex/zhnumber\zhnumber-
utf8.cfg
File: zhnumber-utf8.cfg 2022/07/14 v3.0 Chinese numerals with UTF8 encoding
))
(C:\Users\ivan_chang\AppData\Local\Programs\MiKTeX\tex/latex/ctex/scheme\ctex-s
cheme-chinese.def
File: ctex-scheme-chinese.def 2022/07/14 v2.5.10 Chinese scheme for generic (CT
EX)

(C:\Users\ivan_chang\AppData\Local\Programs\MiKTeX\tex/latex/ctex/config\ctex-n
ame-utf8.cfg
File: ctex-name-utf8.cfg 2022/07/14 v2.5.10 Caption with encoding UTF-8 (CTEX)
))
(C:\Users\ivan_chang\AppData\Local\Programs\MiKTeX\tex/latex/tools\indentfirst.
sty
Package: indentfirst 2023/07/02 v1.03 Indent first paragraph (DPC)
)
(C:\Users\ivan_chang\AppData\Local\Programs\MiKTeX\tex/latex/ctex/fontset\ctex-
fontset-windows.def
File: ctex-fontset-windows.def 2022/07/14 v2.5.10 Windows fonts definition (CTE
X)

Package fontspec Info: 
(fontspec)             Could not resolve font "KaiTi/B" (it probably doesn't
(fontspec)             exist).


Package fontspec Info: 
(fontspec)             Could not resolve font "SimHei/I" (it probably doesn't
(fontspec)             exist).


Package fontspec Info: 
(fontspec)             Could not resolve font "SimSun/BI" (it probably doesn't
(fontspec)             exist).



C:\Users\ivan_chang\AppData\Local\Programs\MiKTeX\tex/latex/ctex/fontset\ctex-f
ontset-windows.def:101: Package fontspec Error: 
(fontspec)                The font "SimHei" cannot be found; this may be but
(fontspec)                usually is not a fontspec bug. Either there is a
(fontspec)                typo in the font name/file, the font is not
(fontspec)                installed (correctly), or there is a bug in the
(fontspec)                underlying font loading engine (XeTeX/luaotfload).

For immediate help type H <return>.
 ...                                              
                                                  
l.101   }
         

A font might not be found for many reasons.
 Check the spelling, where the font is installed etc. etc.

 When in doubt, ask someone for help!



C:\Users\ivan_chang\AppData\Local\Programs\MiKTeX\tex/latex/ctex/fontset\ctex-f
ontset-windows.def:101: Package fontspec Error: 
(fontspec)                The font "SimHei" cannot be found; this may be but
(fontspec)                usually is not a fontspec bug. Either there is a
(fontspec)                typo in the font name/file, the font is not
(fontspec)                installed (correctly), or there is a bug in the
(fontspec)                underlying font loading engine (XeTeX/luaotfload).

For immediate help type H <return>.
 ...                                              
                                                  
l.101   }
         

A font might not be found for many reasons.
 Check the spelling, where the font is installed etc. etc.

 When in doubt, ask someone for help!


C:\Users\ivan_chang\AppData\Local\Programs\MiKTeX\tex/latex/ctex/fontset\ctex-f
ontset-windows.def:101: Cannot use \XeTeXOTcountfeatures with nullfont; not an 
OpenType Layout font.
<argument> \XeTeXOTcountfeatures \l_fontspec_font 
                                                  \l__fontspec_script_int \l...
l.101   }
         

C:\Users\ivan_chang\AppData\Local\Programs\MiKTeX\tex/latex/ctex/fontset\ctex-f
ontset-windows.def:101: Cannot use \XeTeXOTfeaturetag with nullfont; not an Ope
nType Layout font.
<argument> ...\XeTeXOTfeaturetag \l_fontspec_font 
                                                  \l__fontspec_script_int \l...
l.101   }
         

C:\Users\ivan_chang\AppData\Local\Programs\MiKTeX\tex/latex/ctex/fontset\ctex-f
ontset-windows.def:101: Missing = inserted for \ifnum.
<to be read again> 
                   \l__fontspec_script_int 
l.101   }
         
I was expecting to see `<', `=', or `>'. Didn't.

C:\Users\ivan_chang\AppData\Local\Programs\MiKTeX\tex/latex/ctex/fontset\ctex-f
ontset-windows.def:101: Cannot use \XeTeXOTfeaturetag with nullfont; not an Ope
nType Layout font.
<argument> ...\XeTeXOTfeaturetag \l_fontspec_font 
                                                  \l__fontspec_script_int \l...
l.101   }
         

C:\Users\ivan_chang\AppData\Local\Programs\MiKTeX\tex/latex/ctex/fontset\ctex-f
ontset-windows.def:101: Missing = inserted for \ifnum.
<to be read again> 
                   \l__fontspec_script_int 
l.101   }
         
I was expecting to see `<', `=', or `>'. Didn't.

C:\Users\ivan_chang\AppData\Local\Programs\MiKTeX\tex/latex/ctex/fontset\ctex-f
ontset-windows.def:101: Cannot use \XeTeXOTfeaturetag with nullfont; not an Ope
nType Layout font.
<argument> ...\XeTeXOTfeaturetag \l_fontspec_font 
                                                  \l__fontspec_script_int \l...
l.101   }
         

C:\Users\ivan_chang\AppData\Local\Programs\MiKTeX\tex/latex/ctex/fontset\ctex-f
ontset-windows.def:101: Missing = inserted for \ifnum.
<to be read again> 
                   \l__fontspec_script_int 
l.101   }
         
I was expecting to see `<', `=', or `>'. Didn't.

C:\Users\ivan_chang\AppData\Local\Programs\MiKTeX\tex/latex/ctex/fontset\ctex-f
ontset-windows.def:101: Cannot use \XeTeXOTfeaturetag with nullfont; not an Ope
nType Layout font.
<argument> ...\XeTeXOTfeaturetag \l_fontspec_font 
                                                  \l__fontspec_script_int \l...
l.101   }
         

C:\Users\ivan_chang\AppData\Local\Programs\MiKTeX\tex/latex/ctex/fontset\ctex-f
ontset-windows.def:101: Missing = inserted for \ifnum.
<to be read again> 
                   \l__fontspec_script_int 
l.101   }
         
I was expecting to see `<', `=', or `>'. Didn't.

C:\Users\ivan_chang\AppData\Local\Programs\MiKTeX\tex/latex/ctex/fontset\ctex-f
ontset-windows.def:101: Cannot use \XeTeXOTfeaturetag with nullfont; not an Ope
nType Layout font.
<argument> ...\XeTeXOTfeaturetag \l_fontspec_font 
                                                  \l__fontspec_script_int \l...
l.101   }
         

C:\Users\ivan_chang\AppData\Local\Programs\MiKTeX\tex/latex/ctex/fontset\ctex-f
ontset-windows.def:101: Missing = inserted for \ifnum.
<to be read again> 
                   \l__fontspec_script_int 
l.101   }
         
I was expecting to see `<', `=', or `>'. Didn't.

C:\Users\ivan_chang\AppData\Local\Programs\MiKTeX\tex/latex/ctex/fontset\ctex-f
ontset-windows.def:101: Cannot use \XeTeXOTfeaturetag with nullfont; not an Ope
nType Layout font.
<argument> ...\XeTeXOTfeaturetag \l_fontspec_font 
                                                  \l__fontspec_script_int \l...
l.101   }
         

C:\Users\ivan_chang\AppData\Local\Programs\MiKTeX\tex/latex/ctex/fontset\ctex-f
ontset-windows.def:101: Missing = inserted for \ifnum.
<to be read again> 
                   \l__fontspec_script_int 
l.101   }
         
I was expecting to see `<', `=', or `>'. Didn't.

C:\Users\ivan_chang\AppData\Local\Programs\MiKTeX\tex/latex/ctex/fontset\ctex-f
ontset-windows.def:101: Cannot use \XeTeXOTfeaturetag with nullfont; not an Ope
nType Layout font.
<argument> ...\XeTeXOTfeaturetag \l_fontspec_font 
                                                  \l__fontspec_script_int \l...
l.101   }
         

C:\Users\ivan_chang\AppData\Local\Programs\MiKTeX\tex/latex/ctex/fontset\ctex-f
ontset-windows.def:101: Missing = inserted for \ifnum.
<to be read again> 
                   \l__fontspec_script_int 
l.101   }
         
I was expecting to see `<', `=', or `>'. Didn't.

C:\Users\ivan_chang\AppData\Local\Programs\MiKTeX\tex/latex/ctex/fontset\ctex-f
ontset-windows.def:101: Cannot use \XeTeXOTfeaturetag with nullfont; not an Ope
nType Layout font.
<argument> ...\XeTeXOTfeaturetag \l_fontspec_font 
                                                  \l__fontspec_script_int \l...
l.101   }
         

C:\Users\ivan_chang\AppData\Local\Programs\MiKTeX\tex/latex/ctex/fontset\ctex-f
ontset-windows.def:101: Missing = inserted for \ifnum.
<to be read again> 
                   \l__fontspec_script_int 
l.101   }
         
I was expecting to see `<', `=', or `>'. Didn't.

C:\Users\ivan_chang\AppData\Local\Programs\MiKTeX\tex/latex/ctex/fontset\ctex-f
ontset-windows.def:101: Cannot use \XeTeXOTfeaturetag with nullfont; not an Ope
nType Layout font.
<argument> ...\XeTeXOTfeaturetag \l_fontspec_font 
                                                  \l__fontspec_script_int \l...
l.101   }
         

C:\Users\ivan_chang\AppData\Local\Programs\MiKTeX\tex/latex/ctex/fontset\ctex-f
ontset-windows.def:101: Missing = inserted for \ifnum.
<to be read again> 
                   \l__fontspec_script_int 
l.101   }
         
I was expecting to see `<', `=', or `>'. Didn't.

C:\Users\ivan_chang\AppData\Local\Programs\MiKTeX\tex/latex/ctex/fontset\ctex-f
ontset-windows.def:101: Cannot use \XeTeXOTfeaturetag with nullfont; not an Ope
nType Layout font.
<argument> ...\XeTeXOTfeaturetag \l_fontspec_font 
                                                  \l__fontspec_script_int \l...
l.101   }
         

C:\Users\ivan_chang\AppData\Local\Programs\MiKTeX\tex/latex/ctex/fontset\ctex-f
ontset-windows.def:101: Missing = inserted for \ifnum.
<to be read again> 
                   \l__fontspec_script_int 
l.101   }
         
I was expecting to see `<', `=', or `>'. Didn't.

C:\Users\ivan_chang\AppData\Local\Programs\MiKTeX\tex/latex/ctex/fontset\ctex-f
ontset-windows.def:101: Cannot use \XeTeXOTfeaturetag with nullfont; not an Ope
nType Layout font.
<argument> ...\XeTeXOTfeaturetag \l_fontspec_font 
                                                  \l__fontspec_script_int \l...
l.101   }
         

C:\Users\ivan_chang\AppData\Local\Programs\MiKTeX\tex/latex/ctex/fontset\ctex-f
ontset-windows.def:101: Missing = inserted for \ifnum.
<to be read again> 
                   \l__fontspec_script_int 
l.101   }
         
I was expecting to see `<', `=', or `>'. Didn't.

C:\Users\ivan_chang\AppData\Local\Programs\MiKTeX\tex/latex/ctex/fontset\ctex-f
ontset-windows.def:101: Cannot use \XeTeXOTfeaturetag with nullfont; not an Ope
nType Layout font.
<argument> ...\XeTeXOTfeaturetag \l_fontspec_font 
                                                  \l__fontspec_script_int \l...
l.101   }
         

C:\Users\ivan_chang\AppData\Local\Programs\MiKTeX\tex/latex/ctex/fontset\ctex-f
ontset-windows.def:101: Missing = inserted for \ifnum.
<to be read again> 
                   \l__fontspec_script_int 
l.101   }
         
I was expecting to see `<', `=', or `>'. Didn't.

C:\Users\ivan_chang\AppData\Local\Programs\MiKTeX\tex/latex/ctex/fontset\ctex-f
ontset-windows.def:101: Cannot use \XeTeXOTfeaturetag with nullfont; not an Ope
nType Layout font.
<argument> ...\XeTeXOTfeaturetag \l_fontspec_font 
                                                  \l__fontspec_script_int \l...
l.101   }
         

C:\Users\ivan_chang\AppData\Local\Programs\MiKTeX\tex/latex/ctex/fontset\ctex-f
ontset-windows.def:101: Missing = inserted for \ifnum.
<to be read again> 
                   \l__fontspec_script_int 
l.101   }
         
I was expecting to see `<', `=', or `>'. Didn't.

C:\Users\ivan_chang\AppData\Local\Programs\MiKTeX\tex/latex/ctex/fontset\ctex-f
ontset-windows.def:101: Cannot use \XeTeXOTfeaturetag with nullfont; not an Ope
nType Layout font.
<argument> ...\XeTeXOTfeaturetag \l_fontspec_font 
                                                  \l__fontspec_script_int \l...
l.101   }
         

C:\Users\ivan_chang\AppData\Local\Programs\MiKTeX\tex/latex/ctex/fontset\ctex-f
ontset-windows.def:101: Missing = inserted for \ifnum.
<to be read again> 
                   \l__fontspec_script_int 
l.101   }
         
I was expecting to see `<', `=', or `>'. Didn't.

C:\Users\ivan_chang\AppData\Local\Programs\MiKTeX\tex/latex/ctex/fontset\ctex-f
ontset-windows.def:101: Cannot use \XeTeXOTfeaturetag with nullfont; not an Ope
nType Layout font.
<argument> ...\XeTeXOTfeaturetag \l_fontspec_font 
                                                  \l__fontspec_script_int \l...
l.101   }
         

C:\Users\ivan_chang\AppData\Local\Programs\MiKTeX\tex/latex/ctex/fontset\ctex-f
ontset-windows.def:101: Missing = inserted for \ifnum.
<to be read again> 
                   \l__fontspec_script_int 
l.101   }
         
I was expecting to see `<', `=', or `>'. Didn't.

C:\Users\ivan_chang\AppData\Local\Programs\MiKTeX\tex/latex/ctex/fontset\ctex-f
ontset-windows.def:101: Cannot use \XeTeXOTfeaturetag with nullfont; not an Ope
nType Layout font.
<argument> ...\XeTeXOTfeaturetag \l_fontspec_font 
                                                  \l__fontspec_script_int \l...
l.101   }
         

C:\Users\ivan_chang\AppData\Local\Programs\MiKTeX\tex/latex/ctex/fontset\ctex-f
ontset-windows.def:101: Missing = inserted for \ifnum.
<to be read again> 
                   \l__fontspec_script_int 
l.101   }
         
I was expecting to see `<', `=', or `>'. Didn't.

C:\Users\ivan_chang\AppData\Local\Programs\MiKTeX\tex/latex/ctex/fontset\ctex-f
ontset-windows.def:101: Cannot use \XeTeXOTfeaturetag with nullfont; not an Ope
nType Layout font.
<argument> ...\XeTeXOTfeaturetag \l_fontspec_font 
                                                  \l__fontspec_script_int \l...
l.101   }
         

C:\Users\ivan_chang\AppData\Local\Programs\MiKTeX\tex/latex/ctex/fontset\ctex-f
ontset-windows.def:101: Missing = inserted for \ifnum.
<to be read again> 
                   \l__fontspec_script_int 
l.101   }
         
I was expecting to see `<', `=', or `>'. Didn't.

C:\Users\ivan_chang\AppData\Local\Programs\MiKTeX\tex/latex/ctex/fontset\ctex-f
ontset-windows.def:101: Cannot use \XeTeXOTfeaturetag with nullfont; not an Ope
nType Layout font.
<argument> ...\XeTeXOTfeaturetag \l_fontspec_font 
                                                  \l__fontspec_script_int \l...
l.101   }
         

C:\Users\ivan_chang\AppData\Local\Programs\MiKTeX\tex/latex/ctex/fontset\ctex-f
ontset-windows.def:101: Missing = inserted for \ifnum.
<to be read again> 
                   \l__fontspec_script_int 
l.101   }
         
I was expecting to see `<', `=', or `>'. Didn't.

C:\Users\ivan_chang\AppData\Local\Programs\MiKTeX\tex/latex/ctex/fontset\ctex-f
ontset-windows.def:101: Cannot use \XeTeXOTfeaturetag with nullfont; not an Ope
nType Layout font.
<argument> ...\XeTeXOTfeaturetag \l_fontspec_font 
                                                  \l__fontspec_script_int \l...
l.101   }
         

C:\Users\ivan_chang\AppData\Local\Programs\MiKTeX\tex/latex/ctex/fontset\ctex-f
ontset-windows.def:101: Missing = inserted for \ifnum.
<to be read again> 
                   \l__fontspec_script_int 
l.101   }
         
I was expecting to see `<', `=', or `>'. Didn't.

C:\Users\ivan_chang\AppData\Local\Programs\MiKTeX\tex/latex/ctex/fontset\ctex-f
ontset-windows.def:101: Cannot use \XeTeXOTfeaturetag with nullfont; not an Ope
nType Layout font.
<argument> ...\XeTeXOTfeaturetag \l_fontspec_font 
                                                  \l__fontspec_script_int \l...
l.101   }
         

C:\Users\ivan_chang\AppData\Local\Programs\MiKTeX\tex/latex/ctex/fontset\ctex-f
ontset-windows.def:101: Missing = inserted for \ifnum.
<to be read again> 
                   \l__fontspec_script_int 
l.101   }
         
I was expecting to see `<', `=', or `>'. Didn't.

C:\Users\ivan_chang\AppData\Local\Programs\MiKTeX\tex/latex/ctex/fontset\ctex-f
ontset-windows.def:101: Cannot use \XeTeXOTfeaturetag with nullfont; not an Ope
nType Layout font.
<argument> ...\XeTeXOTfeaturetag \l_fontspec_font 
                                                  \l__fontspec_script_int \l...
l.101   }
         

C:\Users\ivan_chang\AppData\Local\Programs\MiKTeX\tex/latex/ctex/fontset\ctex-f
ontset-windows.def:101: Missing = inserted for \ifnum.
<to be read again> 
                   \l__fontspec_script_int 
l.101   }
         
I was expecting to see `<', `=', or `>'. Didn't.

C:\Users\ivan_chang\AppData\Local\Programs\MiKTeX\tex/latex/ctex/fontset\ctex-f
ontset-windows.def:101: Cannot use \XeTeXOTfeaturetag with nullfont; not an Ope
nType Layout font.
<argument> ...\XeTeXOTfeaturetag \l_fontspec_font 
                                                  \l__fontspec_script_int \l...
l.101   }
         

C:\Users\ivan_chang\AppData\Local\Programs\MiKTeX\tex/latex/ctex/fontset\ctex-f
ontset-windows.def:101: Missing = inserted for \ifnum.
<to be read again> 
                   \l__fontspec_script_int 
l.101   }
         
I was expecting to see `<', `=', or `>'. Didn't.

C:\Users\ivan_chang\AppData\Local\Programs\MiKTeX\tex/latex/ctex/fontset\ctex-f
ontset-windows.def:101: Cannot use \XeTeXOTfeaturetag with nullfont; not an Ope
nType Layout font.
<argument> ...\XeTeXOTfeaturetag \l_fontspec_font 
                                                  \l__fontspec_script_int \l...
l.101   }
         

C:\Users\ivan_chang\AppData\Local\Programs\MiKTeX\tex/latex/ctex/fontset\ctex-f
ontset-windows.def:101: Missing = inserted for \ifnum.
<to be read again> 
                   \l__fontspec_script_int 
l.101   }
         
I was expecting to see `<', `=', or `>'. Didn't.

C:\Users\ivan_chang\AppData\Local\Programs\MiKTeX\tex/latex/ctex/fontset\ctex-f
ontset-windows.def:101: Cannot use \XeTeXOTfeaturetag with nullfont; not an Ope
nType Layout font.
<argument> ...\XeTeXOTfeaturetag \l_fontspec_font 
                                                  \l__fontspec_script_int \l...
l.101   }
         

C:\Users\ivan_chang\AppData\Local\Programs\MiKTeX\tex/latex/ctex/fontset\ctex-f
ontset-windows.def:101: Missing = inserted for \ifnum.
<to be read again> 
                   \l__fontspec_script_int 
l.101   }
         
I was expecting to see `<', `=', or `>'. Didn't.

C:\Users\ivan_chang\AppData\Local\Programs\MiKTeX\tex/latex/ctex/fontset\ctex-f
ontset-windows.def:101: Cannot use \XeTeXOTfeaturetag with nullfont; not an Ope
nType Layout font.
<argument> ...\XeTeXOTfeaturetag \l_fontspec_font 
                                                  \l__fontspec_script_int \l...
l.101   }
         

C:\Users\ivan_chang\AppData\Local\Programs\MiKTeX\tex/latex/ctex/fontset\ctex-f
ontset-windows.def:101: Missing = inserted for \ifnum.
<to be read again> 
                   \l__fontspec_script_int 
l.101   }
         
I was expecting to see `<', `=', or `>'. Didn't.

C:\Users\ivan_chang\AppData\Local\Programs\MiKTeX\tex/latex/ctex/fontset\ctex-f
ontset-windows.def:101: Cannot use \XeTeXOTfeaturetag with nullfont; not an Ope
nType Layout font.
<argument> ...\XeTeXOTfeaturetag \l_fontspec_font 
                                                  \l__fontspec_script_int \l...
l.101   }
         

C:\Users\ivan_chang\AppData\Local\Programs\MiKTeX\tex/latex/ctex/fontset\ctex-f
ontset-windows.def:101: Missing = inserted for \ifnum.
<to be read again> 
                   \l__fontspec_script_int 
l.101   }
         
I was expecting to see `<', `=', or `>'. Didn't.

C:\Users\ivan_chang\AppData\Local\Programs\MiKTeX\tex/latex/ctex/fontset\ctex-f
ontset-windows.def:101: Cannot use \XeTeXOTfeaturetag with nullfont; not an Ope
nType Layout font.
<argument> ...\XeTeXOTfeaturetag \l_fontspec_font 
                                                  \l__fontspec_script_int \l...
l.101   }
         

C:\Users\ivan_chang\AppData\Local\Programs\MiKTeX\tex/latex/ctex/fontset\ctex-f
ontset-windows.def:101: Missing = inserted for \ifnum.
<to be read again> 
                   \l__fontspec_script_int 
l.101   }
         
I was expecting to see `<', `=', or `>'. Didn't.

C:\Users\ivan_chang\AppData\Local\Programs\MiKTeX\tex/latex/ctex/fontset\ctex-f
ontset-windows.def:101: Cannot use \XeTeXOTfeaturetag with nullfont; not an Ope
nType Layout font.
<argument> ...\XeTeXOTfeaturetag \l_fontspec_font 
                                                  \l__fontspec_script_int \l...
l.101   }
         

C:\Users\ivan_chang\AppData\Local\Programs\MiKTeX\tex/latex/ctex/fontset\ctex-f
ontset-windows.def:101: Missing = inserted for \ifnum.
<to be read again> 
                   \l__fontspec_script_int 
l.101   }
         
I was expecting to see `<', `=', or `>'. Didn't.

C:\Users\ivan_chang\AppData\Local\Programs\MiKTeX\tex/latex/ctex/fontset\ctex-f
ontset-windows.def:101: Cannot use \XeTeXOTfeaturetag with nullfont; not an Ope
nType Layout font.
<argument> ...\XeTeXOTfeaturetag \l_fontspec_font 
                                                  \l__fontspec_script_int \l...
l.101   }
         

C:\Users\ivan_chang\AppData\Local\Programs\MiKTeX\tex/latex/ctex/fontset\ctex-f
ontset-windows.def:101: Missing = inserted for \ifnum.
<to be read again> 
                   \l__fontspec_script_int 
l.101   }
         
I was expecting to see `<', `=', or `>'. Didn't.

C:\Users\ivan_chang\AppData\Local\Programs\MiKTeX\tex/latex/ctex/fontset\ctex-f
ontset-windows.def:101: Cannot use \XeTeXOTfeaturetag with nullfont; not an Ope
nType Layout font.
<argument> ...\XeTeXOTfeaturetag \l_fontspec_font 
                                                  \l__fontspec_script_int \l...
l.101   }
         

C:\Users\ivan_chang\AppData\Local\Programs\MiKTeX\tex/latex/ctex/fontset\ctex-f
ontset-windows.def:101: Missing = inserted for \ifnum.
<to be read again> 
                   \l__fontspec_script_int 
l.101   }
         
I was expecting to see `<', `=', or `>'. Didn't.

C:\Users\ivan_chang\AppData\Local\Programs\MiKTeX\tex/latex/ctex/fontset\ctex-f
ontset-windows.def:101: Cannot use \XeTeXOTfeaturetag with nullfont; not an Ope
nType Layout font.
<argument> ...\XeTeXOTfeaturetag \l_fontspec_font 
                                                  \l__fontspec_script_int \l...
l.101   }
         

C:\Users\ivan_chang\AppData\Local\Programs\MiKTeX\tex/latex/ctex/fontset\ctex-f
ontset-windows.def:101: Missing = inserted for \ifnum.
<to be read again> 
                   \l__fontspec_script_int 
l.101   }
         
I was expecting to see `<', `=', or `>'. Didn't.

C:\Users\ivan_chang\AppData\Local\Programs\MiKTeX\tex/latex/ctex/fontset\ctex-f
ontset-windows.def:101: Cannot use \XeTeXOTfeaturetag with nullfont; not an Ope
nType Layout font.
<argument> ...\XeTeXOTfeaturetag \l_fontspec_font 
                                                  \l__fontspec_script_int \l...
l.101   }
         

C:\Users\ivan_chang\AppData\Local\Programs\MiKTeX\tex/latex/ctex/fontset\ctex-f
ontset-windows.def:101: Missing = inserted for \ifnum.
<to be read again> 
                   \l__fontspec_script_int 
l.101   }
         
I was expecting to see `<', `=', or `>'. Didn't.

C:\Users\ivan_chang\AppData\Local\Programs\MiKTeX\tex/latex/ctex/fontset\ctex-f
ontset-windows.def:101: Cannot use \XeTeXOTfeaturetag with nullfont; not an Ope
nType Layout font.
<argument> ...\XeTeXOTfeaturetag \l_fontspec_font 
                                                  \l__fontspec_script_int \l...
l.101   }
         

C:\Users\ivan_chang\AppData\Local\Programs\MiKTeX\tex/latex/ctex/fontset\ctex-f
ontset-windows.def:101: Missing = inserted for \ifnum.
<to be read again> 
                   \l__fontspec_script_int 
l.101   }
         
I was expecting to see `<', `=', or `>'. Didn't.

C:\Users\ivan_chang\AppData\Local\Programs\MiKTeX\tex/latex/ctex/fontset\ctex-f
ontset-windows.def:101: Cannot use \XeTeXOTfeaturetag with nullfont; not an Ope
nType Layout font.
<argument> ...\XeTeXOTfeaturetag \l_fontspec_font 
                                                  \l__fontspec_script_int \l...
l.101   }
         

C:\Users\ivan_chang\AppData\Local\Programs\MiKTeX\tex/latex/ctex/fontset\ctex-f
ontset-windows.def:101: Missing = inserted for \ifnum.
<to be read again> 
                   \l__fontspec_script_int 
l.101   }
         
I was expecting to see `<', `=', or `>'. Didn't.

C:\Users\ivan_chang\AppData\Local\Programs\MiKTeX\tex/latex/ctex/fontset\ctex-f
ontset-windows.def:101: Cannot use \XeTeXOTfeaturetag with nullfont; not an Ope
nType Layout font.
<argument> ...\XeTeXOTfeaturetag \l_fontspec_font 
                                                  \l__fontspec_script_int \l...
l.101   }
         

C:\Users\ivan_chang\AppData\Local\Programs\MiKTeX\tex/latex/ctex/fontset\ctex-f
ontset-windows.def:101: Missing = inserted for \ifnum.
<to be read again> 
                   \l__fontspec_script_int 
l.101   }
         
I was expecting to see `<', `=', or `>'. Didn't.

C:\Users\ivan_chang\AppData\Local\Programs\MiKTeX\tex/latex/ctex/fontset\ctex-f
ontset-windows.def:101: Cannot use \XeTeXOTfeaturetag with nullfont; not an Ope
nType Layout font.
<argument> ...\XeTeXOTfeaturetag \l_fontspec_font 
                                                  \l__fontspec_script_int \l...
l.101   }
         

C:\Users\ivan_chang\AppData\Local\Programs\MiKTeX\tex/latex/ctex/fontset\ctex-f
ontset-windows.def:101: Missing = inserted for \ifnum.
<to be read again> 
                   \l__fontspec_script_int 
l.101   }
         
I was expecting to see `<', `=', or `>'. Didn't.

C:\Users\ivan_chang\AppData\Local\Programs\MiKTeX\tex/latex/ctex/fontset\ctex-f
ontset-windows.def:101: Cannot use \XeTeXOTfeaturetag with nullfont; not an Ope
nType Layout font.
<argument> ...\XeTeXOTfeaturetag \l_fontspec_font 
                                                  \l__fontspec_script_int \l...
l.101   }
         

C:\Users\ivan_chang\AppData\Local\Programs\MiKTeX\tex/latex/ctex/fontset\ctex-f
ontset-windows.def:101: Missing = inserted for \ifnum.
<to be read again> 
                   \l__fontspec_script_int 
l.101   }
         
I was expecting to see `<', `=', or `>'. Didn't.

C:\Users\ivan_chang\AppData\Local\Programs\MiKTeX\tex/latex/ctex/fontset\ctex-f
ontset-windows.def:101: Cannot use \XeTeXOTfeaturetag with nullfont; not an Ope
nType Layout font.
<argument> ...\XeTeXOTfeaturetag \l_fontspec_font 
                                                  \l__fontspec_script_int \l...
l.101   }
         

C:\Users\ivan_chang\AppData\Local\Programs\MiKTeX\tex/latex/ctex/fontset\ctex-f
ontset-windows.def:101: Missing = inserted for \ifnum.
<to be read again> 
                   \l__fontspec_script_int 
l.101   }
         
I was expecting to see `<', `=', or `>'. Didn't.

C:\Users\ivan_chang\AppData\Local\Programs\MiKTeX\tex/latex/ctex/fontset\ctex-f
ontset-windows.def:101: Cannot use \XeTeXOTfeaturetag with nullfont; not an Ope
nType Layout font.
<argument> ...\XeTeXOTfeaturetag \l_fontspec_font 
                                                  \l__fontspec_script_int \l...
l.101   }
         

C:\Users\ivan_chang\AppData\Local\Programs\MiKTeX\tex/latex/ctex/fontset\ctex-f
ontset-windows.def:101: Missing = inserted for \ifnum.
<to be read again> 
                   \l__fontspec_script_int 
l.101   }
         
I was expecting to see `<', `=', or `>'. Didn't.

C:\Users\ivan_chang\AppData\Local\Programs\MiKTeX\tex/latex/ctex/fontset\ctex-f
ontset-windows.def:101: Cannot use \XeTeXOTfeaturetag with nullfont; not an Ope
nType Layout font.
<argument> ...\XeTeXOTfeaturetag \l_fontspec_font 
                                                  \l__fontspec_script_int \l...
l.101   }
         

C:\Users\ivan_chang\AppData\Local\Programs\MiKTeX\tex/latex/ctex/fontset\ctex-f
ontset-windows.def:101: Missing = inserted for \ifnum.
<to be read again> 
                   \l__fontspec_script_int 
l.101   }
         
I was expecting to see `<', `=', or `>'. Didn't.

C:\Users\ivan_chang\AppData\Local\Programs\MiKTeX\tex/latex/ctex/fontset\ctex-f
ontset-windows.def:101: Cannot use \XeTeXOTfeaturetag with nullfont; not an Ope
nType Layout font.
<argument> ...\XeTeXOTfeaturetag \l_fontspec_font 
                                                  \l__fontspec_script_int \l...
l.101   }
         

C:\Users\ivan_chang\AppData\Local\Programs\MiKTeX\tex/latex/ctex/fontset\ctex-f
ontset-windows.def:101: Missing = inserted for \ifnum.
<to be read again> 
                   \l__fontspec_script_int 
l.101   }
         
I was expecting to see `<', `=', or `>'. Didn't.

C:\Users\ivan_chang\AppData\Local\Programs\MiKTeX\tex/latex/ctex/fontset\ctex-f
ontset-windows.def:101: Cannot use \XeTeXOTfeaturetag with nullfont; not an Ope
nType Layout font.
<argument> ...\XeTeXOTfeaturetag \l_fontspec_font 
                                                  \l__fontspec_script_int \l...
l.101   }
         

C:\Users\ivan_chang\AppData\Local\Programs\MiKTeX\tex/latex/ctex/fontset\ctex-f
ontset-windows.def:101: Missing = inserted for \ifnum.
<to be read again> 
                   \l__fontspec_script_int 
l.101   }
         
I was expecting to see `<', `=', or `>'. Didn't.

C:\Users\ivan_chang\AppData\Local\Programs\MiKTeX\tex/latex/ctex/fontset\ctex-f
ontset-windows.def:101: Cannot use \XeTeXOTfeaturetag with nullfont; not an Ope
nType Layout font.
<argument> ...\XeTeXOTfeaturetag \l_fontspec_font 
                                                  \l__fontspec_script_int \l...
l.101   }
         

C:\Users\ivan_chang\AppData\Local\Programs\MiKTeX\tex/latex/ctex/fontset\ctex-f
ontset-windows.def:101: Missing = inserted for \ifnum.
<to be read again> 
                   \l__fontspec_script_int 
l.101   }
         
I was expecting to see `<', `=', or `>'. Didn't.

C:\Users\ivan_chang\AppData\Local\Programs\MiKTeX\tex/latex/ctex/fontset\ctex-f
ontset-windows.def:101: Cannot use \XeTeXOTfeaturetag with nullfont; not an Ope
nType Layout font.
<argument> ...\XeTeXOTfeaturetag \l_fontspec_font 
                                                  \l__fontspec_script_int \l...
l.101   }
         

C:\Users\ivan_chang\AppData\Local\Programs\MiKTeX\tex/latex/ctex/fontset\ctex-f
ontset-windows.def:101: Missing = inserted for \ifnum.
<to be read again> 
                   \l__fontspec_script_int 
l.101   }
         
I was expecting to see `<', `=', or `>'. Didn't.

C:\Users\ivan_chang\AppData\Local\Programs\MiKTeX\tex/latex/ctex/fontset\ctex-f
ontset-windows.def:101: Cannot use \XeTeXOTfeaturetag with nullfont; not an Ope
nType Layout font.
<argument> ...\XeTeXOTfeaturetag \l_fontspec_font 
                                                  \l__fontspec_script_int \l...
l.101   }
         

C:\Users\ivan_chang\AppData\Local\Programs\MiKTeX\tex/latex/ctex/fontset\ctex-f
ontset-windows.def:101: Missing = inserted for \ifnum.
<to be read again> 
                   \l__fontspec_script_int 
l.101   }
         
I was expecting to see `<', `=', or `>'. Didn't.

C:\Users\ivan_chang\AppData\Local\Programs\MiKTeX\tex/latex/ctex/fontset\ctex-f
ontset-windows.def:101: Cannot use \XeTeXOTfeaturetag with nullfont; not an Ope
nType Layout font.
<argument> ...\XeTeXOTfeaturetag \l_fontspec_font 
                                                  \l__fontspec_script_int \l...
l.101   }
         

C:\Users\ivan_chang\AppData\Local\Programs\MiKTeX\tex/latex/ctex/fontset\ctex-f
ontset-windows.def:101: Missing = inserted for \ifnum.
<to be read again> 
                   \l__fontspec_script_int 
l.101   }
         
I was expecting to see `<', `=', or `>'. Didn't.

C:\Users\ivan_chang\AppData\Local\Programs\MiKTeX\tex/latex/ctex/fontset\ctex-f
ontset-windows.def:101: Cannot use \XeTeXOTfeaturetag with nullfont; not an Ope
nType Layout font.
<argument> ...\XeTeXOTfeaturetag \l_fontspec_font 
                                                  \l__fontspec_script_int \l...
l.101   }
         

C:\Users\ivan_chang\AppData\Local\Programs\MiKTeX\tex/latex/ctex/fontset\ctex-f
ontset-windows.def:101: Missing = inserted for \ifnum.
<to be read again> 
                   \l__fontspec_script_int 
l.101   }
         
I was expecting to see `<', `=', or `>'. Didn't.

C:\Users\ivan_chang\AppData\Local\Programs\MiKTeX\tex/latex/ctex/fontset\ctex-f
ontset-windows.def:101: Cannot use \XeTeXOTfeaturetag with nullfont; not an Ope
nType Layout font.
<argument> ...\XeTeXOTfeaturetag \l_fontspec_font 
                                                  \l__fontspec_script_int \l...
l.101   }
         

C:\Users\ivan_chang\AppData\Local\Programs\MiKTeX\tex/latex/ctex/fontset\ctex-f
ontset-windows.def:101: Missing = inserted for \ifnum.
<to be read again> 
                   \l__fontspec_script_int 
l.101   }
         
I was expecting to see `<', `=', or `>'. Didn't.

C:\Users\ivan_chang\AppData\Local\Programs\MiKTeX\tex/latex/ctex/fontset\ctex-f
ontset-windows.def:101: Cannot use \XeTeXOTfeaturetag with nullfont; not an Ope
nType Layout font.
<argument> ...\XeTeXOTfeaturetag \l_fontspec_font 
                                                  \l__fontspec_script_int \l...
l.101   }
         
(That makes 100 errors; please try again.) 
Here is how much of TeX's memory you used:
 14234 strings out of 403246
 301051 string characters out of 5459746
 747137 words of memory out of 5000000
 42561 multiletter control sequences out of 15000+600000
 628891 words of font info for 51 fonts, out of 8000000 for 9000
 1348 hyphenation exceptions out of 8191
 93i,0n,111p,419b,274s stack positions out of 10000i,1000n,20000p,200000b,200000s

No pages of output.
se 2020-01-24 v2.11 Base part for package epstopdf
Package epstopdf-base Info: Redefining graphics rule for `.eps' on input line 4
85.

(C:\Users\ivan_chang\AppData\Local\Programs\MiKTeX\tex/latex/00miktex\epstopdf-
sys.cfg
File: epstopdf-sys.cfg 2021/03/18 v2.0 Configuration of epstopdf for MiKTeX
))
Package hyperref Info: Link coloring OFF on input line 47.
 (B13901165_report.out) (B13901165_report.out)
\@outlinefile=\write4
\openout4 = `B13901165_report.out'.

Package caption Info: Begin \AtBeginDocument code.
Package caption Info: float package is loaded.
Package caption Info: listings package is loaded.
Package caption Info: End \AtBeginDocument code.
\c@lstlisting=\count377


Package pgfplots Warning: running in backwards compatibility mode (unsuitable t
ick labels; missing features). Consider writing \pgfplotsset{compat=1.18} into 
your preamble.
 on input line 47.

LaTeX Font Info:    Trying to load font information for U+msa on input line 50.

(C:\Users\ivan_chang\AppData\Local\Programs\MiKTeX\tex/latex/amsfonts\umsa.fd
File: umsa.fd 2013/01/14 v3.01 AMS symbols A
)
LaTeX Font Info:    Trying to load font information for U+msb on input line 50.


(C:\Users\ivan_chang\AppData\Local\Programs\MiKTeX\tex/latex/amsfonts\umsb.fd
File: umsb.fd 2013/01/14 v3.01 AMS symbols B
)
LaTeX Font Info:    Trying to load font information for C70+rm on input line 50
.

(C:\Users\ivan_chang\AppData\Local\Programs\MiKTeX\tex/latex/ctex/fd\c70rm.fd
File: c70rm.fd 2022/07/14 v2.5.10 Chinese font definition (CTEX)
)
Package CJKpunct Info: use punctuation spaces for family 'rm' with punctstyle (
quanjiao) on input line 50.
<Figure-1.png, id=24, 334.3692pt x 134.904pt>
File: Figure-1.png Graphic file (type png)
<use Figure-1.png>
Package pdftex.def Info: Figure-1.png  used on input line 54.
(pdftex.def)             Requested size: 385.02547pt x 155.35248pt.
<Figure-2.png, id=26, 334.3692pt x 134.904pt>
File: Figure-2.png Graphic file (type png)
<use Figure-2.png>
Package pdftex.def Info: Figure-2.png  used on input line 61.
(pdftex.def)             Requested size: 385.02547pt x 155.35248pt.
<Figure-3.png, id=27, 334.3692pt x 134.904pt>
File: Figure-3.png Graphic file (type png)
<use Figure-3.png>
Package pdftex.def Info: Figure-3.png  used on input line 68.
(pdftex.def)             Requested size: 385.02547pt x 155.35248pt.
<Figure-4.png, id=28, 334.3692pt x 134.904pt>
File: Figure-4.png Graphic file (type png)
<use Figure-4.png>
Package pdftex.def Info: Figure-4.png  used on input line 74.
(pdftex.def)             Requested size: 385.02547pt x 155.35248pt.



(C:\Users\ivan_chang\AppData\Local\Programs\MiKTeX\tex/generic/ctex/zhmap\ctex-
zhmap-windows.tex
File: ctex-zhmap-windows.tex 2022/07/14 v2.5.10 Windows font map loader for pdf
TeX and DVIPDFMx (CTEX)
{C:/Users/ivan_chang/AppData/Local/MiKTeX/fonts/map/pdftex/pdftex.map}{UGBK.sfd
}{Unicode.sfd}) [1

 <./Figure-1.png (PNG copy)> <./Figure-2.png (PNG copy)>]
<Figure-5.png, id=50, 334.3692pt x 134.904pt>
File: Figure-5.png Graphic file (type png)
<use Figure-5.png>
Package pdftex.def Info: Figure-5.png  used on input line 81.
(pdftex.def)             Requested size: 385.02547pt x 155.35248pt.
<Figure-6.png, id=51, 334.3692pt x 134.904pt>
File: Figure-6.png Graphic file (type png)
<use Figure-6.png>
Package pdftex.def Info: Figure-6.png  used on input line 87.
(pdftex.def)             Requested size: 385.02547pt x 155.35248pt.
<Figure-7.png, id=52, 334.3692pt x 134.904pt>
File: Figure-7.png Graphic file (type png)
<use Figure-7.png>
Package pdftex.def Info: Figure-7.png  used on input line 93.
(pdftex.def)             Requested size: 385.02547pt x 155.35248pt.


[2 <./Figure-3.png (PNG copy)> <./Figure-4.png (PNG copy)> <./Figure-5.png (PNG
 copy)>]
<Figure-8.png, id=60, 334.3692pt x 134.904pt>
File: Figure-8.png Graphic file (type png)
<use Figure-8.png>
Package pdftex.def Info: Figure-8.png  used on input line 99.
(pdftex.def)             Requested size: 385.02547pt x 155.35248pt.


[3 <./Figure-6.png (PNG copy)> <./Figure-7.png (PNG copy)> <./Figure-8.png (PNG
 copy)>]
(C:\Users\ivan_chang\AppData\Local\Programs\MiKTeX\tex/latex/listings\lstlang1.
sty
File: lstlang1.sty 2024/09/23 1.10c listings language file
)
Package hyperref Info: bookmark level for unknown lstlisting defaults to 0 on i
nput line 107.
LaTeX Font Info:    Font shape `OT1/cmtt/bx/n' in size <10.95> not available
(Font)              Font shape `OT1/cmtt/m/n' tried instead on input line 109.


[4] (B13901165_report.aux)
 ***********
LaTeX2e <2025-06-01> patch level 1
L3 programming layer <2022/07/14>
 ***********


LaTeX Warning: There were multiply-defined labels.

Package rerunfilecheck Info: File `B13901165_report.out' has not changed.
(rerunfilecheck)             Checksum: 88135F55CA7A5DD35A423FA8ABE03721;301.
 ) 
Here is how much of TeX's memory you used:
 41148 strings out of 468130
 931850 string characters out of 5428212
 1669538 words of memory out of 5000000
 69090 multiletter control sequences out of 15000+600000
 635752 words of font info for 72 fonts, out of 8000000 for 9000
 1141 hyphenation exceptions out of 8191
 102i,6n,106p,732b,1784s stack positions out of 10000i,1000n,20000p,200000b,200000s
<C:/Windows/Fonts/simsun.ttc><C:/Windows/Fonts/simsun.ttc><C:/Windows/Fonts/s
imsun.ttc><C:/Windows/Fonts/simsun.ttc><C:/Windows/Fonts/simsun.ttc><C:/Windows
/Fonts/simsun.ttc><C:/Windows/Fonts/simsun.ttc><C:/Windows/Fonts/simsun.ttc><C:
/Windows/Fonts/simsun.ttc><C:/Windows/Fonts/simsun.ttc><C:/Windows/Fonts/simsun
.ttc><C:/Users/ivan_chang/AppData/Local/Programs/MiKTeX/fonts/type1/public/amsf
onts/cm/cmbx12.pfb><C:/Users/ivan_chang/AppData/Local/Programs/MiKTeX/fonts/typ
e1/public/amsfonts/cm/cmitt10.pfb><C:/Users/ivan_chang/AppData/Local/Programs/M
iKTeX/fonts/type1/public/amsfonts/cm/cmr12.pfb><C:/Users/ivan_chang/AppData/Loc
al/Programs/MiKTeX/fonts/type1/public/amsfonts/cm/cmr17.pfb><C:/Users/ivan_chan
g/AppData/Local/Programs/MiKTeX/fonts/type1/public/amsfonts/cm/cmtt10.pfb>
Output written on B13901165_report.pdf (4 pages, 250040 bytes).
PDF statistics:
 156 PDF objects out of 1000 (max. 8388607)
 34 named destinations out of 1000 (max. 500000)
 113 words of extra memory for PDF output out of 10000 (max. 10000000)

